[2026-04-25T22:26:34Z] sweep_driver start (only=mlp_int8, target=1000, phase=phase1)
[2026-04-25T22:26:34Z] BEGIN mlp_int8 fps=1000 phase=phase1 onnx=mlp_mnist_tiny.onnx
[2026-04-25T22:47:32Z] END   mlp_int8 fps=1000 phase=phase1 status=success elapsed=1258s last_step=step_deployment_package
[2026-04-25T22:47:32Z] sweep_driver end (single-target run)
[2026-04-25T23:50:15Z] sweep_driver start (only=None, target=None, phase=phase1)
[2026-04-25T23:50:15Z] BEGIN mlp_int8 fps=10000 phase=phase1 onnx=mlp_mnist_tiny.onnx
[2026-04-26T00:10:46Z] END   mlp_int8 fps=10000 phase=phase1 status=success elapsed=1231s last_step=step_deployment_package
[2026-04-26T00:10:46Z] BEGIN mlp_int8 fps=100000 phase=phase1 onnx=mlp_mnist_tiny.onnx
[2026-04-26T00:31:33Z] END   mlp_int8 fps=100000 phase=phase1 status=success elapsed=1247s last_step=step_deployment_package
[2026-04-26T00:31:34Z] BEGIN mlp_int8 fps=500000 phase=phase1 onnx=mlp_mnist_tiny.onnx
[2026-04-26T00:58:20Z] END   mlp_int8 fps=500000 phase=phase1 status=success elapsed=1607s last_step=step_deployment_package
[2026-04-26T00:58:21Z] BEGIN mlp_int4 fps=1000 phase=phase1 onnx=mlp_mnist_tiny_int4.onnx
[2026-04-26T01:17:49Z] END   mlp_int4 fps=1000 phase=phase1 status=success elapsed=1168s last_step=step_deployment_package
[2026-04-26T01:17:49Z] BEGIN mlp_int4 fps=10000 phase=phase1 onnx=mlp_mnist_tiny_int4.onnx
[2026-04-26T01:37:47Z] END   mlp_int4 fps=10000 phase=phase1 status=success elapsed=1198s last_step=step_deployment_package
[2026-04-26T01:37:48Z] BEGIN mlp_int4 fps=100000 phase=phase1 onnx=mlp_mnist_tiny_int4.onnx
[2026-04-26T01:57:23Z] END   mlp_int4 fps=100000 phase=phase1 status=success elapsed=1176s last_step=step_deployment_package
[2026-04-26T01:57:23Z] BEGIN mlp_int4 fps=500000 phase=phase1 onnx=mlp_mnist_tiny_int4.onnx
[2026-04-26T02:17:28Z] END   mlp_int4 fps=500000 phase=phase1 status=success elapsed=1204s last_step=step_deployment_package
[2026-04-26T02:17:28Z] BEGIN cnn_int8 fps=1000 phase=phase1 onnx=cnn_mnist_tiny.onnx
[2026-04-26T02:40:54Z] END   cnn_int8 fps=1000 phase=phase1 status=success elapsed=1406s last_step=step_deployment_package
[2026-04-26T02:40:54Z] BEGIN cnn_int8 fps=10000 phase=phase1 onnx=cnn_mnist_tiny.onnx
[2026-04-26T03:12:19Z] END   cnn_int8 fps=10000 phase=phase1 status=success elapsed=1886s last_step=step_deployment_package
[2026-04-26T03:12:19Z] BEGIN cnn_int8 fps=100000 phase=phase1 onnx=cnn_mnist_tiny.onnx
[2026-04-26T03:49:25Z] END   cnn_int8 fps=100000 phase=phase1 status=tool_fail elapsed=2226s last_step=step_synthesize_bitfile
[2026-04-26T03:49:25Z] BEGIN cnn_int4 fps=1000 phase=phase1 onnx=cnn_mnist_tiny_int4.onnx
[2026-04-26T04:11:01Z] END   cnn_int4 fps=1000 phase=phase1 status=success elapsed=1296s last_step=step_deployment_package
[2026-04-26T04:11:01Z] BEGIN cnn_int4 fps=10000 phase=phase1 onnx=cnn_mnist_tiny_int4.onnx
[2026-04-26T04:33:51Z] END   cnn_int4 fps=10000 phase=phase1 status=success elapsed=1369s last_step=step_deployment_package
[2026-04-26T04:33:51Z] BEGIN cnn_int4 fps=100000 phase=phase1 onnx=cnn_mnist_tiny_int4.onnx
[2026-04-26T04:57:40Z] END   cnn_int4 fps=100000 phase=phase1 status=success elapsed=1429s last_step=step_deployment_package
[2026-04-26T04:57:40Z] BEGIN cnn_int4 fps=500000 phase=phase1 onnx=cnn_mnist_tiny_int4.onnx
[2026-04-26T05:21:20Z] END   cnn_int4 fps=500000 phase=phase1 status=success elapsed=1421s last_step=step_deployment_package
[2026-04-26T05:21:20Z] sweep_driver end (all sweeps complete)
