Copyright 1986-2022 Xilinx, Inc. All Rights Reserved. Copyright 2022-2024 Advanced Micro Devices, Inc. All Rights Reserved.
---------------------------------------------------------------------------------------------------------------------------------------------
| Tool Version : Vivado v.2024.1 (lin64) Build 5076996 Wed May 22 18:36:09 MDT 2024
| Date         : Sun Mar 29 15:44:32 2026
| Host         : samu-buntu running 64-bit Ubuntu 24.04.4 LTS
| Command      : report_utilization -file dpu_wrapper_utilization_placed.rpt -pb dpu_wrapper_utilization_placed.pb
| Design       : dpu_wrapper
| Device       : xczu3eg-sfvc784-2-e
| Speed File   : -2
| Design State : Fully Placed
---------------------------------------------------------------------------------------------------------------------------------------------

Utilization Design Information

Table of Contents
-----------------
1. CLB Logic
1.1 Summary of Registers by Type
2. CLB Logic Distribution
3. BLOCKRAM
4. ARITHMETIC
5. I/O
6. CLOCK
7. ADVANCED
8. CONFIGURATION
9. Primitives
10. Black Boxes
11. Instantiated Netlists

1. CLB Logic
------------

+----------------------------+-------+-------+------------+-----------+-------+
|          Site Type         |  Used | Fixed | Prohibited | Available | Util% |
+----------------------------+-------+-------+------------+-----------+-------+
| CLB LUTs                   | 38660 |     0 |          0 |     70560 | 54.79 |
|   LUT as Logic             | 33019 |     0 |          0 |     70560 | 46.80 |
|   LUT as Memory            |  5641 |     0 |          0 |     28800 | 19.59 |
|     LUT as Distributed RAM |  4004 |     0 |            |           |       |
|     LUT as Shift Register  |  1637 |     0 |            |           |       |
| CLB Registers              | 53466 |     0 |          0 |    141120 | 37.89 |
|   Register as Flip Flop    | 53466 |     0 |          0 |    141120 | 37.89 |
|   Register as Latch        |     0 |     0 |          0 |    141120 |  0.00 |
| CARRY8                     |   675 |     0 |          0 |      8820 |  7.65 |
| F7 Muxes                   |   316 |     0 |          0 |     35280 |  0.90 |
| F8 Muxes                   |    19 |     0 |          0 |     17640 |  0.11 |
| F9 Muxes                   |     0 |     0 |          0 |      8820 |  0.00 |
+----------------------------+-------+-------+------------+-----------+-------+
* Warning! LUT value is adjusted to account for LUT combining.


1.1 Summary of Registers by Type
--------------------------------

+-------+--------------+-------------+--------------+
| Total | Clock Enable | Synchronous | Asynchronous |
+-------+--------------+-------------+--------------+
| 0     |            _ |           - |            - |
| 0     |            _ |           - |          Set |
| 0     |            _ |           - |        Reset |
| 0     |            _ |         Set |            - |
| 0     |            _ |       Reset |            - |
| 0     |          Yes |           - |            - |
| 0     |          Yes |           - |          Set |
| 153   |          Yes |           - |        Reset |
| 886   |          Yes |         Set |            - |
| 52427 |          Yes |       Reset |            - |
+-------+--------------+-------------+--------------+


2. CLB Logic Distribution
-------------------------

+--------------------------------------------+-------+-------+------------+-----------+-------+
|                  Site Type                 |  Used | Fixed | Prohibited | Available | Util% |
+--------------------------------------------+-------+-------+------------+-----------+-------+
| CLB                                        |  7913 |     0 |          0 |      8820 | 89.72 |
|   CLBL                                     |  4688 |     0 |            |           |       |
|   CLBM                                     |  3225 |     0 |            |           |       |
| LUT as Logic                               | 33019 |     0 |          0 |     70560 | 46.80 |
|   using O5 output only                     |   721 |       |            |           |       |
|   using O6 output only                     | 21672 |       |            |           |       |
|   using O5 and O6                          | 10626 |       |            |           |       |
| LUT as Memory                              |  5641 |     0 |          0 |     28800 | 19.59 |
|   LUT as Distributed RAM                   |  4004 |     0 |            |           |       |
|     using O5 output only                   |     0 |       |            |           |       |
|     using O6 output only                   |  1508 |       |            |           |       |
|     using O5 and O6                        |  2496 |       |            |           |       |
|   LUT as Shift Register                    |  1637 |     0 |            |           |       |
|     using O5 output only                   |     0 |       |            |           |       |
|     using O6 output only                   |  1052 |       |            |           |       |
|     using O5 and O6                        |   585 |       |            |           |       |
| CLB Registers                              | 53466 |     0 |          0 |    141120 | 37.89 |
|   Register driven from within the CLB      | 29469 |       |            |           |       |
|   Register driven from outside the CLB     | 23997 |       |            |           |       |
|     LUT in front of the register is unused | 17266 |       |            |           |       |
|     LUT in front of the register is used   |  6731 |       |            |           |       |
| Unique Control Sets                        |  1892 |       |          0 |     17640 | 10.73 |
+--------------------------------------------+-------+-------+------------+-----------+-------+
* * Note: Available Control Sets calculated as Slices * 2, Review the Control Sets Report for more information regarding control sets.


3. BLOCKRAM
-----------

+-------------------+------+-------+------------+-----------+-------+
|     Site Type     | Used | Fixed | Prohibited | Available | Util% |
+-------------------+------+-------+------------+-----------+-------+
| Block RAM Tile    |   72 |     0 |          0 |       216 | 33.33 |
|   RAMB36/FIFO*    |   72 |     0 |          0 |       216 | 33.33 |
|     RAMB36E2 only |   72 |       |            |           |       |
|   RAMB18          |    0 |     0 |          0 |       432 |  0.00 |
+-------------------+------+-------+------------+-----------+-------+
* Note: Each Block RAM Tile only has one FIFO logic available and therefore can accommodate only one FIFO36E2 or one FIFO18E2. However, if a FIFO18E2 occupies a Block RAM Tile, that tile can still accommodate a RAMB18E2


4. ARITHMETIC
-------------

+----------------+------+-------+------------+-----------+-------+
|    Site Type   | Used | Fixed | Prohibited | Available | Util% |
+----------------+------+-------+------------+-----------+-------+
| DSPs           |  134 |     0 |          0 |       360 | 37.22 |
|   DSP48E2 only |  134 |       |            |           |       |
+----------------+------+-------+------------+-----------+-------+


5. I/O
------

+------------------+------+-------+------------+-----------+-------+
|     Site Type    | Used | Fixed | Prohibited | Available | Util% |
+------------------+------+-------+------------+-----------+-------+
| Bonded IOB       |    0 |     0 |          0 |       252 |  0.00 |
| HPIOB_M          |    0 |     0 |          0 |        72 |  0.00 |
| HPIOB_S          |    0 |     0 |          0 |        72 |  0.00 |
| HDIOB_M          |    0 |     0 |          0 |        48 |  0.00 |
| HDIOB_S          |    0 |     0 |          0 |        48 |  0.00 |
| HPIOB_SNGL       |    0 |     0 |          0 |        12 |  0.00 |
| HPIOBDIFFINBUF   |    0 |     0 |          0 |        72 |  0.00 |
| HPIOBDIFFOUTBUF  |    0 |     0 |          0 |        72 |  0.00 |
| HDIOBDIFFINBUF   |    0 |     0 |          0 |        48 |  0.00 |
| BITSLICE_CONTROL |    0 |     0 |          0 |        24 |  0.00 |
| BITSLICE_RX_TX   |    0 |     0 |          0 |       936 |  0.00 |
| BITSLICE_TX      |    0 |     0 |          0 |        24 |  0.00 |
| RIU_OR           |    0 |     0 |          0 |        12 |  0.00 |
+------------------+------+-------+------------+-----------+-------+


6. CLOCK
--------

+------------+------+-------+------------+-----------+-------+
|  Site Type | Used | Fixed | Prohibited | Available | Util% |
+------------+------+-------+------------+-----------+-------+
| BUFGCE     |    2 |     0 |          0 |        88 |  2.27 |
| BUFGCE_DIV |    0 |     0 |          0 |        12 |  0.00 |
| BUFG_PS    |    1 |     0 |          0 |        72 |  1.39 |
| BUFGCTRL*  |    0 |     0 |          0 |        24 |  0.00 |
| PLL        |    0 |     0 |          0 |         6 |  0.00 |
| MMCM       |    1 |     0 |          0 |         3 | 33.33 |
+------------+------+-------+------------+-----------+-------+
* Note: Each used BUFGCTRL counts as two GLOBAL CLOCK BUFFERs. This table does not include global clocking resources, only buffer cell usage. See the Clock Utilization Report (report_clock_utilization) for detailed accounting of global clocking resource availability.


7. ADVANCED
-----------

+-----------+------+-------+------------+-----------+--------+
| Site Type | Used | Fixed | Prohibited | Available |  Util% |
+-----------+------+-------+------------+-----------+--------+
| PS8       |    1 |     0 |          0 |         1 | 100.00 |
| SYSMONE4  |    0 |     0 |          0 |         1 |   0.00 |
+-----------+------+-------+------------+-----------+--------+


8. CONFIGURATION
----------------

+-------------+------+-------+------------+-----------+-------+
|  Site Type  | Used | Fixed | Prohibited | Available | Util% |
+-------------+------+-------+------------+-----------+-------+
| BSCANE2     |    0 |     0 |          0 |         4 |  0.00 |
| DNA_PORTE2  |    0 |     0 |          0 |         1 |  0.00 |
| EFUSE_USR   |    0 |     0 |          0 |         1 |  0.00 |
| FRAME_ECCE4 |    0 |     0 |          0 |         1 |  0.00 |
| ICAPE3      |    0 |     0 |          0 |         2 |  0.00 |
| MASTER_JTAG |    0 |     0 |          0 |         1 |  0.00 |
| STARTUPE3   |    0 |     0 |          0 |         1 |  0.00 |
+-------------+------+-------+------------+-----------+-------+


9. Primitives
-------------

+------------+-------+---------------------+
|  Ref Name  |  Used | Functional Category |
+------------+-------+---------------------+
| FDRE       | 52427 |            Register |
| LUT3       | 13836 |                 CLB |
| LUT6       | 13661 |                 CLB |
| LUT4       |  5542 |                 CLB |
| LUT5       |  5086 |                 CLB |
| LUT2       |  4535 |                 CLB |
| RAMD32     |  4374 |                 CLB |
| SRL16E     |  1545 |                 CLB |
| RAMD64E    |  1496 |                 CLB |
| LUT1       |   985 |                 CLB |
| FDSE       |   886 |            Register |
| SRLC32E    |   677 |                 CLB |
| CARRY8     |   675 |                 CLB |
| RAMS32     |   630 |                 CLB |
| MUXF7      |   316 |                 CLB |
| FDCE       |   153 |            Register |
| DSP48E2    |   134 |          Arithmetic |
| RAMB36E2   |    72 |            BLOCKRAM |
| MUXF8      |    19 |                 CLB |
| BUFGCE     |     2 |               Clock |
| PS8        |     1 |            Advanced |
| MMCME4_ADV |     1 |               Clock |
| BUFG_PS    |     1 |               Clock |
+------------+-------+---------------------+


10. Black Boxes
---------------

+----------+------+
| Ref Name | Used |
+----------+------+


11. Instantiated Netlists
-------------------------

+--------------------------+------+
|         Ref Name         | Used |
+--------------------------+------+
| dpu_zynq_ultra_ps_e_0_0  |    1 |
| dpu_rst_clk_wiz_0_300M_0 |    1 |
| dpu_proc_sys_reset_1_0   |    1 |
| dpu_dpuczdx8g_0_0        |    1 |
| dpu_clk_wiz_0_0          |    1 |
| dpu_axi_smc_2            |    1 |
| dpu_axi_smc_1_0          |    1 |
+--------------------------+------+


