Copyright 1986-2022 Xilinx, Inc. All Rights Reserved.
-------------------------------------------------------------------------------------------------------------------
| Tool Version : Vivado v.2022.2 (lin64) Build 3671981 Fri Oct 14 04:59:54 MDT 2022
| Date         : Fri Apr 17 01:16:31 2026
| Host         : samu-buntu running 64-bit Ubuntu 24.04.4 LTS
| Command      : report_utilization -file vta_wrapper_utilization_placed.rpt -pb vta_wrapper_utilization_placed.pb
| Design       : vta_wrapper
| Device       : xczu3eg-sfvc784-1-e
| Speed File   : -1
| Design State : Fully Placed
-------------------------------------------------------------------------------------------------------------------

Utilization Design Information

Table of Contents
-----------------
1. CLB Logic
1.1 Summary of Registers by Type
2. CLB Logic Distribution
3. BLOCKRAM
4. ARITHMETIC
5. I/O
6. CLOCK
7. ADVANCED
8. CONFIGURATION
9. Primitives
10. Black Boxes
11. Instantiated Netlists

1. CLB Logic
------------

+----------------------------+-------+-------+------------+-----------+-------+
|          Site Type         |  Used | Fixed | Prohibited | Available | Util% |
+----------------------------+-------+-------+------------+-----------+-------+
| CLB LUTs                   | 20655 |     0 |          0 |     70560 | 29.27 |
|   LUT as Logic             | 18665 |     0 |          0 |     70560 | 26.45 |
|   LUT as Memory            |  1990 |     0 |          0 |     28800 |  6.91 |
|     LUT as Distributed RAM |  1766 |     0 |            |           |       |
|     LUT as Shift Register  |   224 |     0 |            |           |       |
| CLB Registers              | 20794 |     0 |          0 |    141120 | 14.73 |
|   Register as Flip Flop    | 20794 |     0 |          0 |    141120 | 14.73 |
|   Register as Latch        |     0 |     0 |          0 |    141120 |  0.00 |
| CARRY8                     |   693 |     0 |          0 |      8820 |  7.86 |
| F7 Muxes                   |   456 |     0 |          0 |     35280 |  1.29 |
| F8 Muxes                   |     0 |     0 |          0 |     17640 |  0.00 |
| F9 Muxes                   |     0 |     0 |          0 |      8820 |  0.00 |
+----------------------------+-------+-------+------------+-----------+-------+
* Warning! LUT value is adjusted to account for LUT combining.


1.1 Summary of Registers by Type
--------------------------------

+-------+--------------+-------------+--------------+
| Total | Clock Enable | Synchronous | Asynchronous |
+-------+--------------+-------------+--------------+
| 0     |            _ |           - |            - |
| 0     |            _ |           - |          Set |
| 0     |            _ |           - |        Reset |
| 0     |            _ |         Set |            - |
| 0     |            _ |       Reset |            - |
| 0     |          Yes |           - |            - |
| 33    |          Yes |           - |          Set |
| 192   |          Yes |           - |        Reset |
| 382   |          Yes |         Set |            - |
| 20187 |          Yes |       Reset |            - |
+-------+--------------+-------------+--------------+


2. CLB Logic Distribution
-------------------------

+--------------------------------------------+-------+-------+------------+-----------+-------+
|                  Site Type                 |  Used | Fixed | Prohibited | Available | Util% |
+--------------------------------------------+-------+-------+------------+-----------+-------+
| CLB                                        |  4142 |     0 |          0 |      8820 | 46.96 |
|   CLBL                                     |  2458 |     0 |            |           |       |
|   CLBM                                     |  1684 |     0 |            |           |       |
| LUT as Logic                               | 18665 |     0 |          0 |     70560 | 26.45 |
|   using O5 output only                     |   488 |       |            |           |       |
|   using O6 output only                     | 13499 |       |            |           |       |
|   using O5 and O6                          |  4678 |       |            |           |       |
| LUT as Memory                              |  1990 |     0 |          0 |     28800 |  6.91 |
|   LUT as Distributed RAM                   |  1766 |     0 |            |           |       |
|     using O5 output only                   |     0 |       |            |           |       |
|     using O6 output only                   |    14 |       |            |           |       |
|     using O5 and O6                        |  1752 |       |            |           |       |
|   LUT as Shift Register                    |   224 |     0 |            |           |       |
|     using O5 output only                   |     0 |       |            |           |       |
|     using O6 output only                   |   111 |       |            |           |       |
|     using O5 and O6                        |   113 |       |            |           |       |
| CLB Registers                              | 20794 |     0 |          0 |    141120 | 14.73 |
|   Register driven from within the CLB      | 13635 |       |            |           |       |
|   Register driven from outside the CLB     |  7159 |       |            |           |       |
|     LUT in front of the register is unused |  5246 |       |            |           |       |
|     LUT in front of the register is used   |  1913 |       |            |           |       |
| Unique Control Sets                        |   799 |       |          0 |     17640 |  4.53 |
+--------------------------------------------+-------+-------+------------+-----------+-------+
* * Note: Available Control Sets calculated as Slices * 2, Review the Control Sets Report for more information regarding control sets.


3. BLOCKRAM
-----------

+-------------------+------+-------+------------+-----------+-------+
|     Site Type     | Used | Fixed | Prohibited | Available | Util% |
+-------------------+------+-------+------------+-----------+-------+
| Block RAM Tile    |   97 |     0 |          0 |       216 | 44.91 |
|   RAMB36/FIFO*    |   94 |     0 |          0 |       216 | 43.52 |
|     FIFO36E2 only |    6 |       |            |           |       |
|     RAMB36E2 only |   88 |       |            |           |       |
|   RAMB18          |    6 |     0 |          0 |       432 |  1.39 |
|     FIFO18E2 only |    4 |       |            |           |       |
|     RAMB18E2 only |    2 |       |            |           |       |
+-------------------+------+-------+------------+-----------+-------+
* Note: Each Block RAM Tile only has one FIFO logic available and therefore can accommodate only one FIFO36E2 or one FIFO18E2. However, if a FIFO18E2 occupies a Block RAM Tile, that tile can still accommodate a RAMB18E2


4. ARITHMETIC
-------------

+----------------+------+-------+------------+-----------+-------+
|    Site Type   | Used | Fixed | Prohibited | Available | Util% |
+----------------+------+-------+------------+-----------+-------+
| DSPs           |  268 |     0 |          0 |       360 | 74.44 |
|   DSP48E2 only |  268 |       |            |           |       |
+----------------+------+-------+------------+-----------+-------+


5. I/O
------

+------------------+------+-------+------------+-----------+-------+
|     Site Type    | Used | Fixed | Prohibited | Available | Util% |
+------------------+------+-------+------------+-----------+-------+
| Bonded IOB       |    0 |     0 |          0 |       252 |  0.00 |
| HPIOB_M          |    0 |     0 |          0 |        72 |  0.00 |
| HPIOB_S          |    0 |     0 |          0 |        72 |  0.00 |
| HDIOB_M          |    0 |     0 |          0 |        48 |  0.00 |
| HDIOB_S          |    0 |     0 |          0 |        48 |  0.00 |
| HPIOB_SNGL       |    0 |     0 |          0 |        12 |  0.00 |
| HPIOBDIFFINBUF   |    0 |     0 |          0 |        72 |  0.00 |
| HPIOBDIFFOUTBUF  |    0 |     0 |          0 |        72 |  0.00 |
| HDIOBDIFFINBUF   |    0 |     0 |          0 |        48 |  0.00 |
| BITSLICE_CONTROL |    0 |     0 |          0 |        24 |  0.00 |
| BITSLICE_RX_TX   |    0 |     0 |          0 |       936 |  0.00 |
| BITSLICE_TX      |    0 |     0 |          0 |        24 |  0.00 |
| RIU_OR           |    0 |     0 |          0 |        12 |  0.00 |
+------------------+------+-------+------------+-----------+-------+


6. CLOCK
--------

+----------------------+------+-------+------------+-----------+-------+
|       Site Type      | Used | Fixed | Prohibited | Available | Util% |
+----------------------+------+-------+------------+-----------+-------+
| GLOBAL CLOCK BUFFERs |    3 |     0 |          0 |       196 |  1.53 |
|   BUFGCE             |    2 |     0 |          0 |        88 |  2.27 |
|   BUFGCE_DIV         |    0 |     0 |          0 |        12 |  0.00 |
|   BUFG_PS            |    1 |     0 |          0 |        72 |  1.39 |
|   BUFGCTRL*          |    0 |     0 |          0 |        24 |  0.00 |
| PLL                  |    0 |     0 |          0 |         6 |  0.00 |
| MMCM                 |    1 |     0 |          0 |         3 | 33.33 |
+----------------------+------+-------+------------+-----------+-------+
* Note: Each used BUFGCTRL counts as two GLOBAL CLOCK BUFFERs. This table does not include global clocking resources, only buffer cell usage. See the Clock Utilization Report (report_clock_utilization) for detailed accounting of global clocking resource availability.


7. ADVANCED
-----------

+-----------+------+-------+------------+-----------+--------+
| Site Type | Used | Fixed | Prohibited | Available |  Util% |
+-----------+------+-------+------------+-----------+--------+
| PS8       |    1 |     0 |          0 |         1 | 100.00 |
| SYSMONE4  |    0 |     0 |          0 |         1 |   0.00 |
+-----------+------+-------+------------+-----------+--------+


8. CONFIGURATION
----------------

+-------------+------+-------+------------+-----------+-------+
|  Site Type  | Used | Fixed | Prohibited | Available | Util% |
+-------------+------+-------+------------+-----------+-------+
| BSCANE2     |    0 |     0 |          0 |         4 |  0.00 |
| DNA_PORTE2  |    0 |     0 |          0 |         1 |  0.00 |
| EFUSE_USR   |    0 |     0 |          0 |         1 |  0.00 |
| FRAME_ECCE4 |    0 |     0 |          0 |         1 |  0.00 |
| ICAPE3      |    0 |     0 |          0 |         2 |  0.00 |
| MASTER_JTAG |    0 |     0 |          0 |         1 |  0.00 |
| STARTUPE3   |    0 |     0 |          0 |         1 |  0.00 |
+-------------+------+-------+------------+-----------+-------+


9. Primitives
-------------

+------------+-------+---------------------+
|  Ref Name  |  Used | Functional Category |
+------------+-------+---------------------+
| FDRE       | 20187 |            Register |
| LUT6       |  5967 |                 CLB |
| LUT5       |  5584 |                 CLB |
| LUT3       |  4835 |                 CLB |
| LUT2       |  3404 |                 CLB |
| RAMD32     |  3080 |                 CLB |
| LUT4       |  2913 |                 CLB |
| CARRY8     |   693 |                 CLB |
| LUT1       |   640 |                 CLB |
| MUXF7      |   456 |                 CLB |
| RAMS32     |   438 |                 CLB |
| FDSE       |   382 |            Register |
| SRL16E     |   302 |                 CLB |
| DSP48E2    |   268 |          Arithmetic |
| FDCE       |   192 |            Register |
| RAMB36E2   |    88 |            BLOCKRAM |
| SRLC32E    |    35 |                 CLB |
| FDPE       |    33 |            Register |
| FIFO36E2   |     6 |            BLOCKRAM |
| FIFO18E2   |     4 |            BLOCKRAM |
| RAMB18E2   |     2 |            BLOCKRAM |
| BUFGCE     |     2 |               Clock |
| PS8        |     1 |            Advanced |
| MMCME4_ADV |     1 |               Clock |
| BUFG_PS    |     1 |               Clock |
+------------+-------+---------------------+


10. Black Boxes
---------------

+----------+------+
| Ref Name | Used |
+----------+------+


11. Instantiated Netlists
-------------------------

+-------------------------+------+
|         Ref Name        | Used |
+-------------------------+------+
| vta_xbar_0              |    1 |
| vta_wgt_mem_0_0         |    1 |
| vta_store_queue_0       |    1 |
| vta_store_0_0           |    1 |
| vta_s2g_queue_0         |    1 |
| vta_processing_system_0 |    1 |
| vta_proc_sys_reset_0    |    1 |
| vta_pll_clk_0           |    1 |
| vta_out_mem_0_0         |    1 |
| vta_load_queue_0        |    1 |
| vta_load_0_0            |    1 |
| vta_l2g_queue_0         |    1 |
| vta_inp_mem_0_0         |    1 |
| vta_gemm_queue_0        |    1 |
| vta_g2s_queue_0         |    1 |
| vta_g2l_queue_0         |    1 |
| vta_fetch_0_0           |    1 |
| vta_compute_0_0         |    1 |
| vta_axi_smc0_0          |    1 |
| vta_auto_pc_0           |    1 |
| vta_auto_ds_0           |    1 |
+-------------------------+------+


